<?xml version="1.0" encoding="UTF-8"?>
<!-- Generated by org.testng.reporters.JUnitReportReporter -->
<testsuite hostname="LAPTOP-JPHJ2F9N" failures="0" tests="3" name="DDTPractice.DataProviderUsage" time="0.010" errors="0" timestamp="2025-03-25T20:49:15 IST" skipped="0">
  <testcase classname="DDTPractice.DataProviderUsage" name="testCase" time="0.007"/>
  <testcase classname="DDTPractice.DataProviderUsage" name="testCase" time="0.002"/>
  <testcase classname="DDTPractice.DataProviderUsage" name="testCase" time="0.001"/>
</testsuite> <!-- DDTPractice.DataProviderUsage -->
