<?xml version="1.0" encoding="UTF-8"?>
<!-- Generated by org.testng.reporters.JUnitReportReporter -->
<testsuite hostname="LAPTOP-JPHJ2F9N" failures="0" tests="1" name="ProductTest.CreateProduct" time="20.099" errors="0" timestamp="2025-03-30T14:16:41 IST" skipped="0">
  <testcase classname="ProductTest.CreateProduct" name="createProductTest" time="20.099"/>
  <system-out>
    <![CDATA[Product nameLaptop_381added successfully]]>
  </system-out>
</testsuite> <!-- ProductTest.CreateProduct -->
