<?xml version="1.0" encoding="UTF-8"?>
<!-- Generated by org.testng.reporters.JUnitReportReporter -->
<testsuite hostname="LAPTOP-JPHJ2F9N" failures="0" tests="1" name="CreateTest.CreateContactTest" time="91.657" errors="0" timestamp="2025-04-21T19:40:42 IST" skipped="0">
  <testcase classname="CreateTest.CreateContactTest" name="createContactWithCampaignTest" time="91.657"/>
  <system-out>
    <![CDATA[Contact nameGowthami_880added successfully]]>
  </system-out>
</testsuite> <!-- CreateTest.CreateContactTest -->
