<?xml version="1.0" encoding="UTF-8"?>
<!-- Generated by org.testng.reporters.JUnitReportReporter -->
<testsuite hostname="LAPTOP-JPHJ2F9N" failures="0" tests="1" name="CreateTest.CreateContact" time="36.068" errors="0" timestamp="2025-03-30T14:16:41 IST" skipped="0">
  <testcase classname="CreateTest.CreateContact" name="createContactWithCampaignTest" time="36.068"/>
  <system-out>
    <![CDATA[Contact nameGowthami_1997added successfully]]>
  </system-out>
</testsuite> <!-- CreateTest.CreateContact -->
