<?xml version="1.0" encoding="UTF-8"?>
<!-- Generated by org.testng.reporters.JUnitReportReporter -->
<testsuite hostname="LAPTOP-JPHJ2F9N" failures="0" tests="1" name="Login.LoginTest" time="3.091" errors="0" timestamp="2025-04-10T23:08:17 IST" skipped="0">
  <testcase classname="Login.LoginTest" name="loginTest" time="3.091"/>
  <system-out/>
</testsuite> <!-- Login.LoginTest -->
