<?xml version="1.0" encoding="UTF-8"?>
<!-- Generated by org.testng.reporters.JUnitReportReporter -->
<testsuite hostname="LAPTOP-JPHJ2F9N" failures="0" tests="2" name="CampaignTest.CreateCampaignTest" time="35.827" errors="0" timestamp="2025-04-21T19:38:58 IST" skipped="0">
  <testcase classname="CampaignTest.CreateCampaignTest" name="createCampaignTest" time="17.859"/>
  <system-out>
    <![CDATA[CampaignGowthu4247added successfully]]>
  </system-out>
  <testcase classname="CampaignTest.CreateCampaignTest" name="createCampaignDateTest" time="17.968"/>
  <system-out>
    <![CDATA[CampaignGowthu4878added successfully]]>
  </system-out>
</testsuite> <!-- CampaignTest.CreateCampaignTest -->
