<?xml version="1.0" encoding="UTF-8"?>
<!-- Generated by org.testng.reporters.JUnitReportReporter -->
<testsuite hostname="LAPTOP-JPHJ2F9N" failures="0" tests="2" name="CampaignTest.CreateCampaignTest" time="37.342" errors="0" timestamp="2025-04-16T09:21:56 IST" skipped="0">
  <testcase classname="CampaignTest.CreateCampaignTest" name="createCampaignTest" time="18.831"/>
  <system-out>
    <![CDATA[CampaignGowthu460added successfully]]>
  </system-out>
  <testcase classname="CampaignTest.CreateCampaignTest" name="createCampaignDateTest" time="18.511"/>
  <system-out>
    <![CDATA[CampaignGowthu41411added successfully]]>
  </system-out>
</testsuite> <!-- CampaignTest.CreateCampaignTest -->
