<?xml version="1.0" encoding="UTF-8"?>
<!-- Generated by org.testng.reporters.JUnitReportReporter -->
<testsuite hostname="LAPTOP-JPHJ2F9N" failures="0" tests="1" name="ProductTest.CreateProductTest" time="16.286" errors="0" timestamp="2025-04-21T19:38:07 IST" skipped="0">
  <testcase classname="ProductTest.CreateProductTest" name="addProductTest" time="16.286"/>
  <system-out>
    <![CDATA[Product nameLaptop_1008added successfully]]>
  </system-out>
</testsuite> <!-- ProductTest.CreateProductTest -->
