<?xml version="1.0" encoding="UTF-8"?>
<!-- Generated by org.testng.reporters.JUnitReportReporter -->
<testsuite hostname="LAPTOP-JPHJ2F9N" failures="0" tests="2" name="CampaignTest.CreateCampaign" time="52.591" errors="0" timestamp="2025-03-30T14:16:41 IST" skipped="0">
  <testcase classname="CampaignTest.CreateCampaign" name="createCampaignTest" time="29.383"/>
  <system-out>
    <![CDATA[CampaignGowthu41356added successfully]]>
  </system-out>
  <testcase classname="CampaignTest.CreateCampaign" name="createCampaignDateTest" time="23.208"/>
  <system-out>
    <![CDATA[CampaignGowthu41325added successfully]]>
  </system-out>
</testsuite> <!-- CampaignTest.CreateCampaign -->
